TN:
SF:/Users/apple/Documents/Pinterest-Clone/src/components/Hello.vue
FNF:0
FNH:0
DA:27,1
LF:1
LH:1
BRF:0
BRH:0
end_of_record
TN:
SF:/Users/apple/Documents/Pinterest-Clone/src/App.vue
FNF:0
FNH:0
LF:0
LH:0
BRF:0
BRH:0
end_of_record
TN:
SF:/Users/apple/Documents/Pinterest-Clone/src/components/partials/Header.vue
FNF:0
FNH:0
DA:26,0
DA:31,0
DA:32,0
LF:3
LH:0
BRDA:,0,0,0
BRDA:,0,1,0
BRF:2
BRH:0
end_of_record
TN:
SF:/Users/apple/Documents/Pinterest-Clone/src/components/Homepage.vue
FN:,(anonymous_0)
FNF:1
FNH:0
FNDA:0,(anonymous_0)
DA:13,0
DA:14,0
LF:2
LH:0
BRF:0
BRH:0
end_of_record
TN:
SF:/Users/apple/Documents/Pinterest-Clone/src/components/Images.vue
FN:,(anonymous_0)
FN:,(anonymous_1)
FN:,(anonymous_2)
FNF:3
FNH:0
FNDA:0,(anonymous_0)
FNDA:0,(anonymous_1)
FNDA:0,(anonymous_2)
DA:15,0
DA:21,0
DA:22,0
DA:28,0
DA:33,0
DA:35,0
DA:38,0
LF:7
LH:0
BRF:0
BRH:0
end_of_record
TN:
SF:/Users/apple/Documents/Pinterest-Clone/src/components/LocalLogin.vue
FN:,(anonymous_0)
FN:,(anonymous_1)
FN:,(anonymous_2)
FN:,(anonymous_3)
FNF:4
FNH:0
FNDA:0,(anonymous_0)
FNDA:0,(anonymous_1)
FNDA:0,(anonymous_2)
FNDA:0,(anonymous_3)
DA:17,0
DA:24,0
DA:29,0
DA:30,0
DA:32,0
DA:35,0
DA:40,0
DA:44,0
DA:45,0
LF:9
LH:0
BRDA:,0,0,0
BRDA:,0,1,0
BRF:2
BRH:0
end_of_record
TN:
SF:/Users/apple/Documents/Pinterest-Clone/src/components/Login.vue
FNF:0
FNH:0
LF:0
LH:0
BRF:0
BRH:0
end_of_record
TN:
SF:/Users/apple/Documents/Pinterest-Clone/src/components/Register.vue
FNF:0
FNH:0
LF:0
LH:0
BRF:0
BRH:0
end_of_record
TN:
SF:/Users/apple/Documents/Pinterest-Clone/src/router/index.js
FNF:0
FNH:0
DA:9,1
LF:1
LH:1
BRF:0
BRH:0
end_of_record
